<?xml version="1.0" encoding="UTF-8"?>
<!-- Generated by org.testng.reporters.JUnitReportReporter -->
<testsuite skipped="1" hostname="Ashwin-PC" name="com.fcrm.scripts.VerifyImplicitLogin" tests="1" failures="0" timestamp="15 May 2018 14:06:26 GMT" time="0.000" errors="0">
  <testcase name="testImplicitLogin" time="0.000" classname="com.fcrm.scripts.VerifyImplicitLogin">
    <skipped/>
  </testcase> <!-- testImplicitLogin -->
</testsuite> <!-- com.fcrm.scripts.VerifyImplicitLogin -->
