<?xml version="1.0" encoding="UTF-8"?>
<!-- Generated by org.testng.reporters.JUnitReportReporter -->
<testsuite skipped="0" hostname="Ashwin-PC" name="com.fcrm.scripts.VerifyLoginLogout" tests="1" failures="0" timestamp="15 May 2018 14:32:34 GMT" time="41.938" errors="0">
  <testcase name="testExplicitLogin" time="41.938" classname="com.fcrm.scripts.VerifyLoginLogout"/>
</testsuite> <!-- com.fcrm.scripts.VerifyLoginLogout -->
